<?xml version="1.0" encoding="UTF-8"?>
<testng-results skipped="0" failed="0" ignored="0" total="1" passed="1">
  <reporter-output>
  </reporter-output>
  <suite name="Default suite" duration-ms="37774" started-at="2020-12-17T03:39:33Z" finished-at="2020-12-17T03:40:11Z">
    <groups>
    </groups>
    <test name="Default test" duration-ms="37774" started-at="2020-12-17T03:39:33Z" finished-at="2020-12-17T03:40:11Z">
      <class name="com.testCases.HomePageTest">
        <test-method status="PASS" signature="setup()[pri:0, instance:com.testCases.HomePageTest@464bee09]" name="setup" is-config="true" duration-ms="21445" started-at="2020-12-17T03:39:33Z" finished-at="2020-12-17T03:39:54Z">
          <reporter-output>
          </reporter-output>
        </test-method> <!-- setup -->
        <test-method status="PASS" signature="verifyHomePageTitleTest()[pri:1, instance:com.testCases.HomePageTest@464bee09]" name="verifyHomePageTitleTest" duration-ms="16264" started-at="2020-12-17T03:39:54Z" finished-at="2020-12-17T03:40:11Z">
          <reporter-output>
          </reporter-output>
        </test-method> <!-- verifyHomePageTitleTest -->
      </class> <!-- com.testCases.HomePageTest -->
    </test> <!-- Default test -->
  </suite> <!-- Default suite -->
</testng-results>
